16:41:25 start
Iter: 0. Loss: 15.570122
Test accuracy = 0.2103448275862069 

Iter: 500. Loss: 0.579322
Test accuracy = 0.2793103448275862 

Iter: 1000. Loss: 0.565825
Test accuracy = 0.3689655172413793 

Iter: 1500. Loss: 0.573696
Test accuracy = 0.41273209549071616 

Iter: 2000. Loss: 0.561205
Test accuracy = 0.4326259946949602 

Iter: 2500. Loss: 0.551499
Test accuracy = 0.4559681697612732 

Iter: 3000. Loss: 0.549916
Test accuracy = 0.4790450928381963 

Iter: 3500. Loss: 0.529088
Test accuracy = 0.48647214854111404 

Iter: 4000. Loss: 0.534932
Test accuracy = 0.5225464190981433 

Iter: 4500. Loss: 0.504670
Test accuracy = 0.5442970822281167 

Iter: 5000. Loss: 0.480810
Test accuracy = 0.536604774535809 

Iter: 5500. Loss: 0.472114
Test accuracy = 0.5538461538461539 

Iter: 6000. Loss: 0.476919
Test accuracy = 0.5053050397877984 

Iter: 6500. Loss: 0.405982
Test accuracy = 0.6193633952254642 

Iter: 7000. Loss: 0.390746
Test accuracy = 0.5538461538461539 

Iter: 7500. Loss: 0.352949
Test accuracy = 0.5636604774535809 

Iter: 8000. Loss: 0.370430
Test accuracy = 0.6363395225464191 

Iter: 8500. Loss: 0.383428
Test accuracy = 0.6588859416445624 

Iter: 9000. Loss: 0.330906
Test accuracy = 0.6384615384615384 

Iter: 9500. Loss: 0.359126
Test accuracy = 0.5846153846153846 

Iter: 10000. Loss: 0.349158
Test accuracy = 0.6472148541114059 

Iter: 10500. Loss: 0.340408
Test accuracy = 0.6692307692307692 

Iter: 11000. Loss: 0.289776
Test accuracy = 0.5989389920424403 

Iter: 11500. Loss: 0.262008
Test accuracy = 0.6721485411140583 

Iter: 12000. Loss: 0.266847
Test accuracy = 0.6082228116710875 

Iter: 12500. Loss: 0.228932
Test accuracy = 0.6628647214854111 

Iter: 13000. Loss: 0.175715
Test accuracy = 0.6114058355437666 

Iter: 13500. Loss: 0.229256
Test accuracy = 0.6488063660477453 

Iter: 14000. Loss: 0.201530
Test accuracy = 0.656763925729443 

Iter: 14500. Loss: 0.201308
Test accuracy = 0.6392572944297082 

Iter: 15000. Loss: 0.197918
Test accuracy = 0.6517241379310345 

Iter: 15500. Loss: 0.131536
Test accuracy = 0.6461538461538462 

Iter: 16000. Loss: 0.155342
Test accuracy = 0.656763925729443 

Iter: 16500. Loss: 0.166211
Test accuracy = 0.6572944297082228 

Iter: 17000. Loss: 0.172713
Test accuracy = 0.63342175066313 

Iter: 17500. Loss: 0.149452
Test accuracy = 0.629708222811671 

Iter: 18000. Loss: 0.136775
Test accuracy = 0.649867374005305 

Iter: 18500. Loss: 0.125477
Test accuracy = 0.6358090185676393 

Iter: 19000. Loss: 0.104530
Test accuracy = 0.613262599469496 

Iter: 19500. Loss: 0.109338
Test accuracy = 0.6663129973474801 

Iter: 20000. Loss: 0.122585
Test accuracy = 0.6116710875331565 

Iter: 20500. Loss: 0.128245
Test accuracy = 0.6827586206896552 

Iter: 21000. Loss: 0.092533
Test accuracy = 0.6636604774535809 

Iter: 21500. Loss: 0.088719
Test accuracy = 0.6583554376657825 

Iter: 22000. Loss: 0.102263
Test accuracy = 0.6671087533156499 

Iter: 22500. Loss: 0.111965
Test accuracy = 0.6586206896551724 

Iter: 23000. Loss: 0.069601
Test accuracy = 0.6315649867374006 

Iter: 23500. Loss: 0.127232
Test accuracy = 0.6482758620689655 

Iter: 24000. Loss: 0.059296
Test accuracy = 0.6663129973474801 

Iter: 24500. Loss: 0.089874
Test accuracy = 0.6774535809018568 

16:54:21 Test accuracy = 0.6307692307692307

Confusion Matrix:
[388, 93, 81, 361]
[0, 942, 139, 167]
[69, 148, 304, 272]
[28, 0, 34, 744]