22:40:54 p1 start
p1 Block: 0 Iter: 0. Loss: 6.953784
Train accuracy = 0.3012345679012346 

p1 Block: 0 Iter: 10000. Loss: 0.378507
Train accuracy = 0.8740740740740741 

p1 Block: 0 Iter: 20000. Loss: 0.228250
Train accuracy = 0.9111111111111111 

p1 Block: 0 Iter: 30000. Loss: 0.233817
Train accuracy = 0.9580246913580247 

p1 Block: 0 Iter: 40000. Loss: 0.194630
Train accuracy = 0.9753086419753086 

p1 Block: 0 Iter: 50000. Loss: 0.124130
Train accuracy = 0.9814814814814815 

p1 Block: 0 Iter: 60000. Loss: 0.117712
Train accuracy = 0.980246913580247 

p1 Block: 0 Iter: 70000. Loss: 0.071230
Train accuracy = 0.9925925925925926 

p1 Block: 0 Iter: 80000. Loss: 0.062337
Train accuracy = 0.9962962962962963 

p1 Block: 0 Iter: 90000. Loss: 0.046931
Train accuracy = 0.9938271604938271 

p1 Block: 0 Test accuracy = 0.6159151193633953
p1 Block: 1 Iter: 0. Loss: 17.228857
Train accuracy = 0.2975308641975309 

p1 Block: 1 Iter: 10000. Loss: 0.287900
Train accuracy = 0.845679012345679 

p1 Block: 1 Iter: 20000. Loss: 0.199077
Train accuracy = 0.917283950617284 

p1 Block: 1 Iter: 30000. Loss: 0.196580
Train accuracy = 0.9320987654320988 

p1 Block: 1 Iter: 40000. Loss: 0.227832
Train accuracy = 0.9506172839506173 

p1 Block: 1 Iter: 50000. Loss: 0.112782
Train accuracy = 0.9567901234567902 

p1 Block: 1 Iter: 60000. Loss: 0.123216
Train accuracy = 0.9666666666666667 

p1 Block: 1 Iter: 70000. Loss: 0.068002
Train accuracy = 0.980246913580247 

p1 Block: 1 Iter: 80000. Loss: 0.072923
Train accuracy = 0.9938271604938271 

p1 Block: 1 Iter: 90000. Loss: 0.047287
Train accuracy = 0.991358024691358 

p1 Block: 1 Test accuracy = 0.710079575596817
p1 Block: 2 Iter: 0. Loss: 2.058938
Train accuracy = 0.3308641975308642 

p1 Block: 2 Iter: 10000. Loss: 0.332393
Train accuracy = 0.8518518518518519 

p1 Block: 2 Iter: 20000. Loss: 0.351075
Train accuracy = 0.9259259259259259 

p1 Block: 2 Iter: 30000. Loss: 0.191637
Train accuracy = 0.9506172839506173 

p1 Block: 2 Iter: 40000. Loss: 0.164766
Train accuracy = 0.9679012345679012 

p1 Block: 2 Iter: 50000. Loss: 0.122204
Train accuracy = 0.9839506172839506 

p1 Block: 2 Iter: 60000. Loss: 0.105034
Train accuracy = 0.9876543209876543 

p1 Block: 2 Iter: 70000. Loss: 0.059598
Train accuracy = 0.9925925925925926 

p1 Block: 2 Iter: 80000. Loss: 0.054691
Train accuracy = 0.9987654320987654 

p1 Block: 2 Iter: 90000. Loss: 0.044405
Train accuracy = 0.9987654320987654 

p1 Block: 2 Test accuracy = 0.6782493368700265
p1 Block: 3 Iter: 0. Loss: 3.427350
Train accuracy = 0.7111111111111111 

p1 Block: 3 Iter: 10000. Loss: 0.334336
Train accuracy = 0.8506172839506173 

p1 Block: 3 Iter: 20000. Loss: 0.273499
Train accuracy = 0.8987654320987655 

p1 Block: 3 Iter: 30000. Loss: 0.200530
Train accuracy = 0.9407407407407408 

p1 Block: 3 Iter: 40000. Loss: 0.135261
Train accuracy = 0.9567901234567902 

p1 Block: 3 Iter: 50000. Loss: 0.082780
Train accuracy = 0.9703703703703703 

p1 Block: 3 Iter: 60000. Loss: 0.112398
Train accuracy = 0.9790123456790123 

p1 Block: 3 Iter: 70000. Loss: 0.043282
Train accuracy = 0.9888888888888889 

p1 Block: 3 Iter: 80000. Loss: 0.030050
Train accuracy = 0.9975308641975309 

p1 Block: 3 Iter: 90000. Loss: 0.029309
Train accuracy = 0.9975308641975309 

p1 Block: 3 Test accuracy = 0.696816976127321
p1 Block: 4 Iter: 0. Loss: 1.234106
Train accuracy = 0.4382716049382716 

p1 Block: 4 Iter: 10000. Loss: 0.297496
Train accuracy = 0.8950617283950617 

p1 Block: 4 Iter: 20000. Loss: 0.269857
Train accuracy = 0.9345679012345679 

p1 Block: 4 Iter: 30000. Loss: 0.231651
Train accuracy = 0.9493827160493827 

p1 Block: 4 Iter: 40000. Loss: 0.126782
Train accuracy = 0.9617283950617284 

p1 Block: 4 Iter: 50000. Loss: 0.103003
Train accuracy = 0.9679012345679012 

p1 Block: 4 Iter: 60000. Loss: 0.095384
Train accuracy = 0.9827160493827161 

p1 Block: 4 Iter: 70000. Loss: 0.049671
Train accuracy = 0.9851851851851852 

p1 Block: 4 Iter: 80000. Loss: 0.050091
Train accuracy = 0.9888888888888889 

p1 Block: 4 Iter: 90000. Loss: 0.062411
Train accuracy = 0.9938271604938271 

p1 Block: 4 Test accuracy = 0.6713527851458886
p1 Block: 5 Iter: 0. Loss: 3.059963
Train accuracy = 0.7061728395061728 

p1 Block: 5 Iter: 10000. Loss: 0.273465
Train accuracy = 0.8740740740740741 

p1 Block: 5 Iter: 20000. Loss: 0.262074
Train accuracy = 0.8975308641975308 

p1 Block: 5 Iter: 30000. Loss: 0.208089
Train accuracy = 0.9530864197530864 

p1 Block: 5 Iter: 40000. Loss: 0.186954
Train accuracy = 0.9679012345679012 

p1 Block: 5 Iter: 50000. Loss: 0.105992
Train accuracy = 0.9703703703703703 

p1 Block: 5 Iter: 60000. Loss: 0.066936
Train accuracy = 0.9851851851851852 

p1 Block: 5 Iter: 70000. Loss: 0.060783
Train accuracy = 0.9925925925925926 

p1 Block: 5 Iter: 80000. Loss: 0.052171
Train accuracy = 0.9925925925925926 

p1 Block: 5 Iter: 90000. Loss: 0.044106
Train accuracy = 0.9987654320987654 

p1 Block: 5 Test accuracy = 0.7106100795755969
p1 Block: 6 Iter: 0. Loss: 2.914920
Train accuracy = 0.34444444444444444 

p1 Block: 6 Iter: 10000. Loss: 0.319554
Train accuracy = 0.8567901234567902 

p1 Block: 6 Iter: 20000. Loss: 0.271627
Train accuracy = 0.9160493827160494 

p1 Block: 6 Iter: 30000. Loss: 0.174334
Train accuracy = 0.945679012345679 

p1 Block: 6 Iter: 40000. Loss: 0.178128
Train accuracy = 0.9753086419753086 

p1 Block: 6 Iter: 50000. Loss: 0.107422
Train accuracy = 0.9950617283950617 

p1 Block: 6 Iter: 60000. Loss: 0.091906
Train accuracy = 0.9950617283950617 

p1 Block: 6 Iter: 70000. Loss: 0.036198
Train accuracy = 0.9975308641975309 

p1 Block: 6 Iter: 80000. Loss: 0.053562
Train accuracy = 0.9975308641975309 

p1 Block: 6 Iter: 90000. Loss: 0.022615
Train accuracy = 0.9987654320987654 

p1 Block: 6 Test accuracy = 0.7156498673740053
p1 Block: 7 Iter: 0. Loss: 6.778669
Train accuracy = 0.291358024691358 

p1 Block: 7 Iter: 10000. Loss: 0.339712
Train accuracy = 0.8555555555555555 

p1 Block: 7 Iter: 20000. Loss: 0.373957
Train accuracy = 0.8938271604938272 

p1 Block: 7 Iter: 30000. Loss: 0.184830
Train accuracy = 0.9320987654320988 

p1 Block: 7 Iter: 40000. Loss: 0.207997
Train accuracy = 0.9518518518518518 

p1 Block: 7 Iter: 50000. Loss: 0.117671
Train accuracy = 0.9728395061728395 

p1 Block: 7 Iter: 60000. Loss: 0.100225
Train accuracy = 0.9765432098765432 

p1 Block: 7 Iter: 70000. Loss: 0.099755
Train accuracy = 0.9740740740740741 

p1 Block: 7 Iter: 80000. Loss: 0.092612
Train accuracy = 0.9888888888888889 

p1 Block: 7 Iter: 90000. Loss: 0.070022
Train accuracy = 0.9925925925925926 

p1 Block: 7 Test accuracy = 0.6175066312997347
p1 Block: 8 Iter: 0. Loss: 25.379372
Train accuracy = 0.2656826568265683 

p1 Block: 8 Iter: 10000. Loss: 0.454283
Train accuracy = 0.8044280442804428 

p1 Block: 8 Iter: 20000. Loss: 0.406467
Train accuracy = 0.8265682656826568 

p1 Block: 8 Iter: 30000. Loss: 0.320487
Train accuracy = 0.8597785977859779 

p1 Block: 8 Iter: 40000. Loss: 0.331765
Train accuracy = 0.8646986469864698 

p1 Block: 8 Iter: 50000. Loss: 0.225291
Train accuracy = 0.8905289052890529 

p1 Block: 8 Iter: 60000. Loss: 0.230023
Train accuracy = 0.9015990159901599 

p1 Block: 8 Iter: 70000. Loss: 0.234533
Train accuracy = 0.9028290282902829 

p1 Block: 8 Iter: 80000. Loss: 0.245997
Train accuracy = 0.9114391143911439 

p1 Block: 8 Iter: 90000. Loss: 0.337067
Train accuracy = 0.915129151291513 

p1 Block: 8 Test accuracy = 0.6896551724137931
23:17:02 p1 Test accuracy = 0.6946949602122016
22:40:54 p2 start
p2 Block: 0 Iter: 0. Loss: 5.211335
Train accuracy = 0.2123456790123457 

p2 Block: 0 Iter: 10000. Loss: 0.156890
Train accuracy = 0.9604938271604938 

p2 Block: 0 Iter: 20000. Loss: 0.086336
Train accuracy = 0.9827160493827161 

p2 Block: 0 Iter: 30000. Loss: 0.061115
Train accuracy = 0.9950617283950617 

p2 Block: 0 Iter: 40000. Loss: 0.026860
Train accuracy = 0.9950617283950617 

p2 Block: 0 Iter: 50000. Loss: 0.018368
Train accuracy = 0.9975308641975309 

p2 Block: 0 Iter: 60000. Loss: 0.049409
Train accuracy = 0.9987654320987654 

p2 Block: 0 Iter: 70000. Loss: 0.004482
Train accuracy = 0.9987654320987654 

p2 Block: 0 Iter: 80000. Loss: 0.003645
Train accuracy = 0.9987654320987654 

p2 Block: 0 Iter: 90000. Loss: 0.003172
Train accuracy = 1.0 

p2 Block: 0 Test accuracy = 0.723342175066313
p2 Block: 1 Iter: 0. Loss: 2.863198
Train accuracy = 0.7691358024691358 

p2 Block: 1 Iter: 10000. Loss: 0.264610
Train accuracy = 0.9197530864197531 

p2 Block: 1 Iter: 20000. Loss: 0.152206
Train accuracy = 0.9753086419753086 

p2 Block: 1 Iter: 30000. Loss: 0.160997
Train accuracy = 0.980246913580247 

p2 Block: 1 Iter: 40000. Loss: 0.091677
Train accuracy = 0.9876543209876543 

p2 Block: 1 Iter: 50000. Loss: 0.040597
Train accuracy = 0.991358024691358 

p2 Block: 1 Iter: 60000. Loss: 0.040401
Train accuracy = 0.9950617283950617 

p2 Block: 1 Iter: 70000. Loss: 0.022372
Train accuracy = 0.9950617283950617 

p2 Block: 1 Iter: 80000. Loss: 0.018147
Train accuracy = 0.9950617283950617 

p2 Block: 1 Iter: 90000. Loss: 0.015219
Train accuracy = 0.9950617283950617 

p2 Block: 1 Test accuracy = 0.7472148541114059
p2 Block: 2 Iter: 0. Loss: 22.393879
Train accuracy = 0.22592592592592592 

p2 Block: 2 Iter: 10000. Loss: 0.437992
Train accuracy = 0.817283950617284 

p2 Block: 2 Iter: 20000. Loss: 0.366263
Train accuracy = 0.8493827160493828 

p2 Block: 2 Iter: 30000. Loss: 0.391868
Train accuracy = 0.8839506172839506 

p2 Block: 2 Iter: 40000. Loss: 0.303353
Train accuracy = 0.9148148148148149 

p2 Block: 2 Iter: 50000. Loss: 0.230874
Train accuracy = 0.9308641975308642 

p2 Block: 2 Iter: 60000. Loss: 0.278075
Train accuracy = 0.9444444444444444 

p2 Block: 2 Iter: 70000. Loss: 0.172877
Train accuracy = 0.9530864197530864 

p2 Block: 2 Iter: 80000. Loss: 0.106526
Train accuracy = 0.9592592592592593 

p2 Block: 2 Iter: 90000. Loss: 0.158982
Train accuracy = 0.9580246913580247 

p2 Block: 2 Test accuracy = 0.6984084880636605
p2 Block: 3 Iter: 0. Loss: 5.089398
Train accuracy = 0.2 

p2 Block: 3 Iter: 10000. Loss: 0.216560
Train accuracy = 0.9555555555555556 

p2 Block: 3 Iter: 20000. Loss: 0.097667
Train accuracy = 0.9728395061728395 

p2 Block: 3 Iter: 30000. Loss: 0.069149
Train accuracy = 0.980246913580247 

p2 Block: 3 Iter: 40000. Loss: 0.056855
Train accuracy = 0.9876543209876543 

p2 Block: 3 Iter: 50000. Loss: 0.080513
Train accuracy = 0.9938271604938271 

p2 Block: 3 Iter: 60000. Loss: 0.016819
Train accuracy = 0.9938271604938271 

p2 Block: 3 Iter: 70000. Loss: 0.015936
Train accuracy = 0.9962962962962963 

p2 Block: 3 Iter: 80000. Loss: 0.036243
Train accuracy = 0.9962962962962963 

p2 Block: 3 Iter: 90000. Loss: 0.010949
Train accuracy = 1.0 

p2 Block: 3 Test accuracy = 0.7220159151193634
p2 Block: 4 Iter: 0. Loss: 4.548376
Train accuracy = 0.7864197530864198 

p2 Block: 4 Iter: 10000. Loss: 0.168747
Train accuracy = 0.9123456790123456 

p2 Block: 4 Iter: 20000. Loss: 0.177288
Train accuracy = 0.9592592592592593 

p2 Block: 4 Iter: 30000. Loss: 0.135742
Train accuracy = 0.9765432098765432 

p2 Block: 4 Iter: 40000. Loss: 0.129712
Train accuracy = 0.9839506172839506 

p2 Block: 4 Iter: 50000. Loss: 0.073573
Train accuracy = 0.9925925925925926 

p2 Block: 4 Iter: 60000. Loss: 0.037304
Train accuracy = 0.9950617283950617 

p2 Block: 4 Iter: 70000. Loss: 0.015225
Train accuracy = 0.9950617283950617 

p2 Block: 4 Iter: 80000. Loss: 0.021867
Train accuracy = 0.9962962962962963 

p2 Block: 4 Iter: 90000. Loss: 0.015912
Train accuracy = 0.9975308641975309 

p2 Block: 4 Test accuracy = 0.7259946949602122
p2 Block: 5 Iter: 0. Loss: 1.709705
Train accuracy = 0.36666666666666664 

p2 Block: 5 Iter: 10000. Loss: 0.152234
Train accuracy = 0.9444444444444444 

p2 Block: 5 Iter: 20000. Loss: 0.139537
Train accuracy = 0.9691358024691358 

p2 Block: 5 Iter: 30000. Loss: 0.088785
Train accuracy = 0.9814814814814815 

p2 Block: 5 Iter: 40000. Loss: 0.037666
Train accuracy = 0.9925925925925926 

p2 Block: 5 Iter: 50000. Loss: 0.041998
Train accuracy = 0.9962962962962963 

p2 Block: 5 Iter: 60000. Loss: 0.057172
Train accuracy = 0.9975308641975309 

p2 Block: 5 Iter: 70000. Loss: 0.012889
Train accuracy = 1.0 

p2 Block: 5 Iter: 80000. Loss: 0.009444
Train accuracy = 1.0 

p2 Block: 5 Iter: 90000. Loss: 0.003974
Train accuracy = 1.0 

p2 Block: 5 Test accuracy = 0.7074270557029178
p2 Block: 6 Iter: 0. Loss: 3.305041
Train accuracy = 0.26296296296296295 

p2 Block: 6 Iter: 10000. Loss: 0.218026
Train accuracy = 0.8876543209876543 

p2 Block: 6 Iter: 20000. Loss: 0.133485
Train accuracy = 0.9506172839506173 

p2 Block: 6 Iter: 30000. Loss: 0.113748
Train accuracy = 0.9728395061728395 

p2 Block: 6 Iter: 40000. Loss: 0.107551
Train accuracy = 0.991358024691358 

p2 Block: 6 Iter: 50000. Loss: 0.048979
Train accuracy = 0.9938271604938271 

p2 Block: 6 Iter: 60000. Loss: 0.064783
Train accuracy = 0.9950617283950617 

p2 Block: 6 Iter: 70000. Loss: 0.044548
Train accuracy = 1.0 

p2 Block: 6 Iter: 80000. Loss: 0.028679
Train accuracy = 1.0 

p2 Block: 6 Iter: 90000. Loss: 0.023760
Train accuracy = 1.0 

p2 Block: 6 Test accuracy = 0.73342175066313
p2 Block: 7 Iter: 0. Loss: 7.132812
Train accuracy = 0.7765432098765432 

p2 Block: 7 Iter: 10000. Loss: 0.387025
Train accuracy = 0.8901234567901235 

p2 Block: 7 Iter: 20000. Loss: 0.160678
Train accuracy = 0.9469135802469136 

p2 Block: 7 Iter: 30000. Loss: 0.157302
Train accuracy = 0.9617283950617284 

p2 Block: 7 Iter: 40000. Loss: 0.083431
Train accuracy = 0.9753086419753086 

p2 Block: 7 Iter: 50000. Loss: 0.036820
Train accuracy = 0.980246913580247 

p2 Block: 7 Iter: 60000. Loss: 0.029977
Train accuracy = 0.9876543209876543 

p2 Block: 7 Iter: 70000. Loss: 0.018714
Train accuracy = 0.9938271604938271 

p2 Block: 7 Iter: 80000. Loss: 0.024532
Train accuracy = 0.9950617283950617 

p2 Block: 7 Iter: 90000. Loss: 0.017028
Train accuracy = 0.9975308641975309 

p2 Block: 7 Test accuracy = 0.7397877984084881
p2 Block: 8 Iter: 0. Loss: 29.233185
Train accuracy = 0.21033210332103322 

p2 Block: 8 Iter: 10000. Loss: 0.395074
Train accuracy = 0.8339483394833949 

p2 Block: 8 Iter: 20000. Loss: 0.374389
Train accuracy = 0.8929889298892989 

p2 Block: 8 Iter: 30000. Loss: 0.233936
Train accuracy = 0.8991389913899139 

p2 Block: 8 Iter: 40000. Loss: 0.235773
Train accuracy = 0.906519065190652 

p2 Block: 8 Iter: 50000. Loss: 0.234801
Train accuracy = 0.9200492004920049 

p2 Block: 8 Iter: 60000. Loss: 0.240163
Train accuracy = 0.933579335793358 

p2 Block: 8 Iter: 70000. Loss: 0.151476
Train accuracy = 0.9348093480934809 

p2 Block: 8 Iter: 80000. Loss: 0.132341
Train accuracy = 0.933579335793358 

p2 Block: 8 Iter: 90000. Loss: 0.122799
Train accuracy = 0.939729397293973 

p2 Block: 8 Test accuracy = 0.7137931034482758
23:17:14 p2 Test accuracy = 0.7612732095490716
22:40:54 p3 start
p3 Block: 0 Iter: 0. Loss: 1.774924
Train accuracy = 0.7716049382716049 

p3 Block: 0 Iter: 10000. Loss: 0.265439
Train accuracy = 0.9 

p3 Block: 0 Iter: 20000. Loss: 0.169624
Train accuracy = 0.9567901234567902 

p3 Block: 0 Iter: 30000. Loss: 0.095959
Train accuracy = 0.9827160493827161 

p3 Block: 0 Iter: 40000. Loss: 0.072635
Train accuracy = 0.9950617283950617 

p3 Block: 0 Iter: 50000. Loss: 0.072954
Train accuracy = 0.9975308641975309 

p3 Block: 0 Iter: 60000. Loss: 0.031443
Train accuracy = 0.9962962962962963 

p3 Block: 0 Iter: 70000. Loss: 0.012660
Train accuracy = 1.0 

p3 Block: 0 Iter: 80000. Loss: 0.019175
Train accuracy = 1.0 

p3 Block: 0 Iter: 90000. Loss: 0.006969
Train accuracy = 1.0 

p3 Block: 0 Test accuracy = 0.7376657824933687
p3 Block: 1 Iter: 0. Loss: 5.580417
Train accuracy = 0.22962962962962963 

p3 Block: 1 Iter: 10000. Loss: 0.298071
Train accuracy = 0.8987654320987655 

p3 Block: 1 Iter: 20000. Loss: 0.212795
Train accuracy = 0.9308641975308642 

p3 Block: 1 Iter: 30000. Loss: 0.120337
Train accuracy = 0.9666666666666667 

p3 Block: 1 Iter: 40000. Loss: 0.096987
Train accuracy = 0.9765432098765432 

p3 Block: 1 Iter: 50000. Loss: 0.086694
Train accuracy = 0.9864197530864197 

p3 Block: 1 Iter: 60000. Loss: 0.042154
Train accuracy = 0.9888888888888889 

p3 Block: 1 Iter: 70000. Loss: 0.051140
Train accuracy = 0.9950617283950617 

p3 Block: 1 Iter: 80000. Loss: 0.039172
Train accuracy = 0.9987654320987654 

p3 Block: 1 Iter: 90000. Loss: 0.017920
Train accuracy = 1.0 

p3 Block: 1 Test accuracy = 0.7427055702917772
p3 Block: 2 Iter: 0. Loss: 2.589211
Train accuracy = 0.7765432098765432 

p3 Block: 2 Iter: 10000. Loss: 0.306413
Train accuracy = 0.8925925925925926 

p3 Block: 2 Iter: 20000. Loss: 0.180928
Train accuracy = 0.9222222222222223 

p3 Block: 2 Iter: 30000. Loss: 0.172347
Train accuracy = 0.9691358024691358 

p3 Block: 2 Iter: 40000. Loss: 0.085866
Train accuracy = 0.980246913580247 

p3 Block: 2 Iter: 50000. Loss: 0.115131
Train accuracy = 0.9814814814814815 

p3 Block: 2 Iter: 60000. Loss: 0.071041
Train accuracy = 0.9864197530864197 

p3 Block: 2 Iter: 70000. Loss: 0.105538
Train accuracy = 0.9888888888888889 

p3 Block: 2 Iter: 80000. Loss: 0.022642
Train accuracy = 0.9925925925925926 

p3 Block: 2 Iter: 90000. Loss: 0.040332
Train accuracy = 0.991358024691358 

p3 Block: 2 Test accuracy = 0.6862068965517242
p3 Block: 3 Iter: 0. Loss: 29.901474
Train accuracy = 0.23950617283950618 

p3 Block: 3 Iter: 10000. Loss: 0.495974
Train accuracy = 0.7901234567901234 

p3 Block: 3 Iter: 20000. Loss: 0.530095
Train accuracy = 0.8148148148148148 

p3 Block: 3 Iter: 30000. Loss: 0.452418
Train accuracy = 0.8469135802469135 

p3 Block: 3 Iter: 40000. Loss: 0.390867
Train accuracy = 0.8567901234567902 

p3 Block: 3 Iter: 50000. Loss: 0.316398
Train accuracy = 0.8666666666666667 

p3 Block: 3 Iter: 60000. Loss: 0.270685
Train accuracy = 0.8679012345679012 

p3 Block: 3 Iter: 70000. Loss: 0.330905
Train accuracy = 0.8691358024691358 

p3 Block: 3 Iter: 80000. Loss: 0.332738
Train accuracy = 0.8790123456790123 

p3 Block: 3 Iter: 90000. Loss: 0.216855
Train accuracy = 0.8802469135802469 

p3 Block: 3 Test accuracy = 0.7198938992042441
p3 Block: 4 Iter: 0. Loss: 0.636598
Train accuracy = 0.7864197530864198 

p3 Block: 4 Iter: 10000. Loss: 0.233585
Train accuracy = 0.9074074074074074 

p3 Block: 4 Iter: 20000. Loss: 0.243486
Train accuracy = 0.9259259259259259 

p3 Block: 4 Iter: 30000. Loss: 0.139194
Train accuracy = 0.9506172839506173 

p3 Block: 4 Iter: 40000. Loss: 0.146220
Train accuracy = 0.9666666666666667 

p3 Block: 4 Iter: 50000. Loss: 0.118559
Train accuracy = 0.9827160493827161 

p3 Block: 4 Iter: 60000. Loss: 0.090842
Train accuracy = 0.9876543209876543 

p3 Block: 4 Iter: 70000. Loss: 0.041963
Train accuracy = 0.9901234567901235 

p3 Block: 4 Iter: 80000. Loss: 0.052067
Train accuracy = 0.9938271604938271 

p3 Block: 4 Iter: 90000. Loss: 0.017451
Train accuracy = 0.9938271604938271 

p3 Block: 4 Test accuracy = 0.7305039787798409
p3 Block: 5 Iter: 0. Loss: 3.971914
Train accuracy = 0.7592592592592593 

p3 Block: 5 Iter: 10000. Loss: 0.240381
Train accuracy = 0.8987654320987655 

p3 Block: 5 Iter: 20000. Loss: 0.187960
Train accuracy = 0.9358024691358025 

p3 Block: 5 Iter: 30000. Loss: 0.167456
Train accuracy = 0.9617283950617284 

p3 Block: 5 Iter: 40000. Loss: 0.126571
Train accuracy = 0.9814814814814815 

p3 Block: 5 Iter: 50000. Loss: 0.053955
Train accuracy = 0.9901234567901235 

p3 Block: 5 Iter: 60000. Loss: 0.048924
Train accuracy = 0.991358024691358 

p3 Block: 5 Iter: 70000. Loss: 0.038367
Train accuracy = 0.9925925925925926 

p3 Block: 5 Iter: 80000. Loss: 0.031425
Train accuracy = 0.9950617283950617 

p3 Block: 5 Iter: 90000. Loss: 0.018945
Train accuracy = 1.0 

p3 Block: 5 Test accuracy = 0.7087533156498673
p3 Block: 6 Iter: 0. Loss: 14.563064
Train accuracy = 0.2419753086419753 

p3 Block: 6 Iter: 10000. Loss: 0.323242
Train accuracy = 0.8691358024691358 

p3 Block: 6 Iter: 20000. Loss: 0.206150
Train accuracy = 0.9111111111111111 

p3 Block: 6 Iter: 30000. Loss: 0.180106
Train accuracy = 0.9567901234567902 

p3 Block: 6 Iter: 40000. Loss: 0.095446
Train accuracy = 0.9777777777777777 

p3 Block: 6 Iter: 50000. Loss: 0.074381
Train accuracy = 0.9925925925925926 

p3 Block: 6 Iter: 60000. Loss: 0.051572
Train accuracy = 0.9925925925925926 

p3 Block: 6 Iter: 70000. Loss: 0.025873
Train accuracy = 0.9962962962962963 

p3 Block: 6 Iter: 80000. Loss: 0.030155
Train accuracy = 0.9975308641975309 

p3 Block: 6 Iter: 90000. Loss: 0.012064
Train accuracy = 1.0 

p3 Block: 6 Test accuracy = 0.7294429708222812
p3 Block: 7 Iter: 0. Loss: 1.300996
Train accuracy = 0.7753086419753087 

p3 Block: 7 Iter: 10000. Loss: 0.223142
Train accuracy = 0.9098765432098765 

p3 Block: 7 Iter: 20000. Loss: 0.181264
Train accuracy = 0.9728395061728395 

p3 Block: 7 Iter: 30000. Loss: 0.125624
Train accuracy = 0.9851851851851852 

p3 Block: 7 Iter: 40000. Loss: 0.088531
Train accuracy = 0.9864197530864197 

p3 Block: 7 Iter: 50000. Loss: 0.053602
Train accuracy = 0.9975308641975309 

p3 Block: 7 Iter: 60000. Loss: 0.029819
Train accuracy = 0.991358024691358 

p3 Block: 7 Iter: 70000. Loss: 0.020649
Train accuracy = 0.9975308641975309 

p3 Block: 7 Iter: 80000. Loss: 0.009763
Train accuracy = 1.0 

p3 Block: 7 Iter: 90000. Loss: 0.008354
Train accuracy = 1.0 

p3 Block: 7 Test accuracy = 0.7374005305039788
p3 Block: 8 Iter: 0. Loss: 0.860171
Train accuracy = 0.7503075030750308 

p3 Block: 8 Iter: 10000. Loss: 0.168909
Train accuracy = 0.915129151291513 

p3 Block: 8 Iter: 20000. Loss: 0.111741
Train accuracy = 0.984009840098401 

p3 Block: 8 Iter: 30000. Loss: 0.051530
Train accuracy = 0.993849938499385 

p3 Block: 8 Iter: 40000. Loss: 0.041687
Train accuracy = 0.996309963099631 

p3 Block: 8 Iter: 50000. Loss: 0.024613
Train accuracy = 1.0 

p3 Block: 8 Iter: 60000. Loss: 0.016727
Train accuracy = 1.0 

p3 Block: 8 Iter: 70000. Loss: 0.007467
Train accuracy = 1.0 

p3 Block: 8 Iter: 80000. Loss: 0.005627
Train accuracy = 1.0 

p3 Block: 8 Iter: 90000. Loss: 0.006162
Train accuracy = 1.0 

p3 Block: 8 Test accuracy = 0.743236074270557
23:17:19 p3 Test accuracy = 0.8143236074270557
22:40:54 p0 start
p0 Block: 0 Iter: 0. Loss: 1.740355
Train accuracy = 0.7419753086419754 

p0 Block: 0 Iter: 10000. Loss: 0.186688
Train accuracy = 0.9518518518518518 

p0 Block: 0 Iter: 20000. Loss: 0.116221
Train accuracy = 0.9851851851851852 

p0 Block: 0 Iter: 30000. Loss: 0.078036
Train accuracy = 0.991358024691358 

p0 Block: 0 Iter: 40000. Loss: 0.050739
Train accuracy = 0.9975308641975309 

p0 Block: 0 Iter: 50000. Loss: 0.032134
Train accuracy = 1.0 

p0 Block: 0 Iter: 60000. Loss: 0.015053
Train accuracy = 1.0 

p0 Block: 0 Iter: 70000. Loss: 0.010909
Train accuracy = 1.0 

p0 Block: 0 Iter: 80000. Loss: 0.006866
Train accuracy = 1.0 

p0 Block: 0 Iter: 90000. Loss: 0.003763
Train accuracy = 1.0 

p0 Block: 0 Test accuracy = 0.7424403183023872
p0 Block: 1 Iter: 0. Loss: 1.609449
Train accuracy = 0.7530864197530864 

p0 Block: 1 Iter: 10000. Loss: 0.326796
Train accuracy = 0.8580246913580247 

p0 Block: 1 Iter: 20000. Loss: 0.256653
Train accuracy = 0.9160493827160494 

p0 Block: 1 Iter: 30000. Loss: 0.145393
Train accuracy = 0.9481481481481482 

p0 Block: 1 Iter: 40000. Loss: 0.141207
Train accuracy = 0.9580246913580247 

p0 Block: 1 Iter: 50000. Loss: 0.116892
Train accuracy = 0.9703703703703703 

p0 Block: 1 Iter: 60000. Loss: 0.099423
Train accuracy = 0.9753086419753086 

p0 Block: 1 Iter: 70000. Loss: 0.077437
Train accuracy = 0.9790123456790123 

p0 Block: 1 Iter: 80000. Loss: 0.045622
Train accuracy = 0.9839506172839506 

p0 Block: 1 Iter: 90000. Loss: 0.061917
Train accuracy = 0.9839506172839506 

p0 Block: 1 Test accuracy = 0.7339522546419098
p0 Block: 2 Iter: 0. Loss: 39.796196
Train accuracy = 0.2716049382716049 

p0 Block: 2 Iter: 10000. Loss: 0.491000
Train accuracy = 0.762962962962963 

p0 Block: 2 Iter: 20000. Loss: 0.449186
Train accuracy = 0.7641975308641975 

p0 Block: 2 Iter: 30000. Loss: 0.433943
Train accuracy = 0.8111111111111111 

p0 Block: 2 Iter: 40000. Loss: 0.359697
Train accuracy = 0.8209876543209876 

p0 Block: 2 Iter: 50000. Loss: 0.313248
Train accuracy = 0.8580246913580247 

p0 Block: 2 Iter: 60000. Loss: 0.260969
Train accuracy = 0.8716049382716049 

p0 Block: 2 Iter: 70000. Loss: 0.291154
Train accuracy = 0.8740740740740741 

p0 Block: 2 Iter: 80000. Loss: 0.256832
Train accuracy = 0.8864197530864197 

p0 Block: 2 Iter: 90000. Loss: 0.236021
Train accuracy = 0.8925925925925926 

p0 Block: 2 Test accuracy = 0.8206896551724138
p0 Block: 3 Iter: 0. Loss: 4.053017
Train accuracy = 0.7283950617283951 

p0 Block: 3 Iter: 10000. Loss: 0.383701
Train accuracy = 0.8777777777777778 

p0 Block: 3 Iter: 20000. Loss: 0.234739
Train accuracy = 0.9111111111111111 

p0 Block: 3 Iter: 30000. Loss: 0.219886
Train accuracy = 0.9444444444444444 

p0 Block: 3 Iter: 40000. Loss: 0.165474
Train accuracy = 0.9691358024691358 

p0 Block: 3 Iter: 50000. Loss: 0.080216
Train accuracy = 0.9851851851851852 

p0 Block: 3 Iter: 60000. Loss: 0.086296
Train accuracy = 0.9888888888888889 

p0 Block: 3 Iter: 70000. Loss: 0.061779
Train accuracy = 0.9987654320987654 

p0 Block: 3 Iter: 80000. Loss: 0.030223
Train accuracy = 0.9987654320987654 

p0 Block: 3 Iter: 90000. Loss: 0.019598
Train accuracy = 0.9987654320987654 

p0 Block: 3 Test accuracy = 0.7748010610079575
p0 Block: 4 Iter: 0. Loss: 7.655906
Train accuracy = 0.2679012345679012 

p0 Block: 4 Iter: 10000. Loss: 0.313073
Train accuracy = 0.8938271604938272 

p0 Block: 4 Iter: 20000. Loss: 0.209851
Train accuracy = 0.9358024691358025 

p0 Block: 4 Iter: 30000. Loss: 0.160407
Train accuracy = 0.9444444444444444 

p0 Block: 4 Iter: 40000. Loss: 0.116780
Train accuracy = 0.9604938271604938 

p0 Block: 4 Iter: 50000. Loss: 0.085929
Train accuracy = 0.9777777777777777 

p0 Block: 4 Iter: 60000. Loss: 0.114802
Train accuracy = 0.9851851851851852 

p0 Block: 4 Iter: 70000. Loss: 0.038306
Train accuracy = 0.991358024691358 

p0 Block: 4 Iter: 80000. Loss: 0.046424
Train accuracy = 0.9938271604938271 

p0 Block: 4 Iter: 90000. Loss: 0.046524
Train accuracy = 0.9950617283950617 

p0 Block: 4 Test accuracy = 0.7673740053050397
p0 Block: 5 Iter: 0. Loss: 3.283208
Train accuracy = 0.7604938271604939 

p0 Block: 5 Iter: 10000. Loss: 0.293383
Train accuracy = 0.9098765432098765 

p0 Block: 5 Iter: 20000. Loss: 0.190249
Train accuracy = 0.9444444444444444 

p0 Block: 5 Iter: 30000. Loss: 0.101101
Train accuracy = 0.9629629629629629 

p0 Block: 5 Iter: 40000. Loss: 0.090944
Train accuracy = 0.9827160493827161 

p0 Block: 5 Iter: 50000. Loss: 0.062384
Train accuracy = 0.9888888888888889 

p0 Block: 5 Iter: 60000. Loss: 0.074215
Train accuracy = 0.9987654320987654 

p0 Block: 5 Iter: 70000. Loss: 0.025299
Train accuracy = 1.0 

p0 Block: 5 Iter: 80000. Loss: 0.026503
Train accuracy = 1.0 

p0 Block: 5 Iter: 90000. Loss: 0.010395
Train accuracy = 1.0 

p0 Block: 5 Test accuracy = 0.7419098143236075
p0 Block: 6 Iter: 0. Loss: 18.257113
Train accuracy = 0.26666666666666666 

p0 Block: 6 Iter: 10000. Loss: 0.344169
Train accuracy = 0.8654320987654321 

p0 Block: 6 Iter: 20000. Loss: 0.224466
Train accuracy = 0.9209876543209876 

p0 Block: 6 Iter: 30000. Loss: 0.215069
Train accuracy = 0.9604938271604938 

p0 Block: 6 Iter: 40000. Loss: 0.130902
Train accuracy = 0.9592592592592593 

p0 Block: 6 Iter: 50000. Loss: 0.117036
Train accuracy = 0.9679012345679012 

p0 Block: 6 Iter: 60000. Loss: 0.132526
Train accuracy = 0.9753086419753086 

p0 Block: 6 Iter: 70000. Loss: 0.068292
Train accuracy = 0.9790123456790123 

p0 Block: 6 Iter: 80000. Loss: 0.076232
Train accuracy = 0.9839506172839506 

p0 Block: 6 Iter: 90000. Loss: 0.054641
Train accuracy = 0.9950617283950617 

p0 Block: 6 Test accuracy = 0.7007957559681698
p0 Block: 7 Iter: 0. Loss: 0.911479
Train accuracy = 0.7098765432098766 

p0 Block: 7 Iter: 10000. Loss: 0.302632
Train accuracy = 0.8827160493827161 

p0 Block: 7 Iter: 20000. Loss: 0.233629
Train accuracy = 0.9629629629629629 

p0 Block: 7 Iter: 30000. Loss: 0.100514
Train accuracy = 0.9790123456790123 

p0 Block: 7 Iter: 40000. Loss: 0.092949
Train accuracy = 0.9888888888888889 

p0 Block: 7 Iter: 50000. Loss: 0.043871
Train accuracy = 0.9925925925925926 

p0 Block: 7 Iter: 60000. Loss: 0.053735
Train accuracy = 1.0 

p0 Block: 7 Iter: 70000. Loss: 0.028365
Train accuracy = 1.0 

p0 Block: 7 Iter: 80000. Loss: 0.022229
Train accuracy = 1.0 

p0 Block: 7 Iter: 90000. Loss: 0.011363
Train accuracy = 1.0 

p0 Block: 7 Test accuracy = 0.7885941644562334
p0 Block: 8 Iter: 0. Loss: 22.722382
Train accuracy = 0.26691266912669126 

p0 Block: 8 Iter: 10000. Loss: 0.550887
Train accuracy = 0.7945879458794588 

p0 Block: 8 Iter: 20000. Loss: 0.345000
Train accuracy = 0.8130381303813038 

p0 Block: 8 Iter: 30000. Loss: 0.490226
Train accuracy = 0.8265682656826568 

p0 Block: 8 Iter: 40000. Loss: 0.358423
Train accuracy = 0.8683886838868389 

p0 Block: 8 Iter: 50000. Loss: 0.344322
Train accuracy = 0.897908979089791 

p0 Block: 8 Iter: 60000. Loss: 0.231214
Train accuracy = 0.8929889298892989 

p0 Block: 8 Iter: 70000. Loss: 0.230130
Train accuracy = 0.9003690036900369 

p0 Block: 8 Iter: 80000. Loss: 0.193760
Train accuracy = 0.9052890528905289 

p0 Block: 8 Iter: 90000. Loss: 0.223656
Train accuracy = 0.922509225092251 

p0 Block: 8 Test accuracy = 0.726790450928382
23:17:24 p0 Test accuracy = 0.7612732095490716
Total accuracy: 0.5315649867374005
